Determining if the pthread_create exist failed with the following output:
Change Dir: /home/gnouchnam/OpencvWorkspace/LaneDetection/RunnedByEclipse/Build/Linux/CMakeFiles/CMakeTmp

Run Build Command:/usr/bin/make "cmTryCompileExec2165778263/fast"
/usr/bin/make -f CMakeFiles/cmTryCompileExec2165778263.dir/build.make CMakeFiles/cmTryCompileExec2165778263.dir/build
make[1]: Entering directory `/home/gnouchnam/OpencvWorkspace/LaneDetection/RunnedByEclipse/Build/Linux/CMakeFiles/CMakeTmp'
/usr/bin/cmake -E cmake_progress_report /home/gnouchnam/OpencvWorkspace/LaneDetection/RunnedByEclipse/Build/Linux/CMakeFiles/CMakeTmp/CMakeFiles 1
Building C object CMakeFiles/cmTryCompileExec2165778263.dir/CheckSymbolExists.c.o
/usr/bin/cc    -o CMakeFiles/cmTryCompileExec2165778263.dir/CheckSymbolExists.c.o   -c /home/gnouchnam/OpencvWorkspace/LaneDetection/RunnedByEclipse/Build/Linux/CMakeFiles/CMakeTmp/CheckSymbolExists.c
Linking C executable cmTryCompileExec2165778263
/usr/bin/cmake -E cmake_link_script CMakeFiles/cmTryCompileExec2165778263.dir/link.txt --verbose=1
/usr/bin/cc       CMakeFiles/cmTryCompileExec2165778263.dir/CheckSymbolExists.c.o  -o cmTryCompileExec2165778263 -rdynamic 
CMakeFiles/cmTryCompileExec2165778263.dir/CheckSymbolExists.c.o: In function `main':
CheckSymbolExists.c:(.text+0x16): undefined reference to `pthread_create'
collect2: error: ld returned 1 exit status
make[1]: *** [cmTryCompileExec2165778263] Error 1
make[1]: Leaving directory `/home/gnouchnam/OpencvWorkspace/LaneDetection/RunnedByEclipse/Build/Linux/CMakeFiles/CMakeTmp'
make: *** [cmTryCompileExec2165778263/fast] Error 2

File /home/gnouchnam/OpencvWorkspace/LaneDetection/RunnedByEclipse/Build/Linux/CMakeFiles/CMakeTmp/CheckSymbolExists.c:
/* */
#include <pthread.h>

int main(int argc, char** argv)
{
  (void)argv;
#ifndef pthread_create
  return ((int*)(&pthread_create))[argc];
#else
  (void)argc;
  return 0;
#endif
}

Determining if the function pthread_create exists in the pthreads failed with the following output:
Change Dir: /home/gnouchnam/OpencvWorkspace/LaneDetection/RunnedByEclipse/Build/Linux/CMakeFiles/CMakeTmp

Run Build Command:/usr/bin/make "cmTryCompileExec666336219/fast"
/usr/bin/make -f CMakeFiles/cmTryCompileExec666336219.dir/build.make CMakeFiles/cmTryCompileExec666336219.dir/build
make[1]: Entering directory `/home/gnouchnam/OpencvWorkspace/LaneDetection/RunnedByEclipse/Build/Linux/CMakeFiles/CMakeTmp'
/usr/bin/cmake -E cmake_progress_report /home/gnouchnam/OpencvWorkspace/LaneDetection/RunnedByEclipse/Build/Linux/CMakeFiles/CMakeTmp/CMakeFiles 1
Building C object CMakeFiles/cmTryCompileExec666336219.dir/CheckFunctionExists.c.o
/usr/bin/cc   -DCHECK_FUNCTION_EXISTS=pthread_create   -o CMakeFiles/cmTryCompileExec666336219.dir/CheckFunctionExists.c.o   -c /usr/share/cmake-2.8/Modules/CheckFunctionExists.c
Linking C executable cmTryCompileExec666336219
/usr/bin/cmake -E cmake_link_script CMakeFiles/cmTryCompileExec666336219.dir/link.txt --verbose=1
/usr/bin/cc   -DCHECK_FUNCTION_EXISTS=pthread_create    CMakeFiles/cmTryCompileExec666336219.dir/CheckFunctionExists.c.o  -o cmTryCompileExec666336219 -rdynamic -lpthreads 
/usr/bin/ld: cannot find -lpthreads
collect2: error: ld returned 1 exit status
make[1]: *** [cmTryCompileExec666336219] Error 1
make[1]: Leaving directory `/home/gnouchnam/OpencvWorkspace/LaneDetection/RunnedByEclipse/Build/Linux/CMakeFiles/CMakeTmp'
make: *** [cmTryCompileExec666336219/fast] Error 2


